# JRE version: OpenJDK Runtime Environment Temurin-21.0.6+7 (21.0.6+7) (build 21.0.6+7-LTS)
# Java VM: OpenJDK 64-Bit Server VM Temurin-21.0.6+7 (21.0.6+7-LTS, mixed mode, sharing, tiered, compressed oops, compressed class ptrs, g1 gc, windows-amd64)
GC Precious Log:
 CardTable entry size: 512
 Card Set container configuration: InlinePtr #cards 5 size 8 Array Of Cards #cards 12 size 40 Howl #buckets 4 coarsen threshold 1843 Howl Bitmap #cards 512 size 80 coarsen threshold 460 Card regions per heap region 1 cards per card region 2048
 CPUs: 12 total, 12 available
 Memory: 7521M
 Large Page Support: Disabled
 NUMA Support: Disabled
 Compressed Oops: Enabled (32-bit)
 Heap Region Size: 1M
 Heap Min Capacity: 8M
 Heap Initial Capacity: 118M
 Heap Max Capacity: 2G
 Pre-touch: Disabled
 Parallel Workers: 10
 Concurrent Workers: 3
 Concurrent Refinement Workers: 10
 Periodic GC: Disabled
Heap:
 garbage-first heap   total 116736K, used 49682K [0x0000000080000000, 0x0000000100000000)
  region size 1024K, 21 young (21504K), 7 survivors (7168K)
 Metaspace       used 39871K, committed 41280K, reserved 1114112K
  class space    used 5590K, committed 6272K, reserved 1048576K
GC Heap History (18 events):
Event: 0.450 GC heap before
{Heap before GC invocations=0 (full 0):
 garbage-first heap   total 120832K, used 22528K [0x0000000080000000, 0x0000000100000000)
  region size 1024K, 23 young (23552K), 0 survivors (0K)
 Metaspace       used 1069K, committed 1216K, reserved 1114112K
  class space    used 76K, committed 128K, reserved 1048576K
}
Event: 0.454 GC heap after
{Heap after GC invocations=1 (full 0):
 garbage-first heap   total 120832K, used 3112K [0x0000000080000000, 0x0000000100000000)
  region size 1024K, 3 young (3072K), 3 survivors (3072K)
 Metaspace       used 1069K, committed 1216K, reserved 1114112K
  class space    used 76K, committed 128K, reserved 1048576K
}
Event: 0.991 GC heap before
{Heap before GC invocations=1 (full 0):
 garbage-first heap   total 120832K, used 38952K [0x0000000080000000, 0x0000000100000000)
  region size 1024K, 36 young (36864K), 3 survivors (3072K)
 Metaspace       used 4352K, committed 4544K, reserved 1114112K
  class space    used 533K, committed 640K, reserved 1048576K
}
Event: 1.002 GC heap after
{Heap after GC invocations=2 (full 0):
 garbage-first heap   total 120832K, used 11190K [0x0000000080000000, 0x0000000100000000)
  region size 1024K, 5 young (5120K), 5 survivors (5120K)
 Metaspace       used 4352K, committed 4544K, reserved 1114112K
  class space    used 533K, committed 640K, reserved 1048576K
}
Event: 1.624 GC heap before
{Heap before GC invocations=2 (full 0):
 garbage-first heap   total 120832K, used 59318K [0x0000000080000000, 0x0000000100000000)
  region size 1024K, 50 young (51200K), 5 survivors (5120K)
 Metaspace       used 4845K, committed 5120K, reserved 1114112K
  class space    used 617K, committed 768K, reserved 1048576K
}
Event: 1.631 GC heap after
{Heap after GC invocations=3 (full 0):
 garbage-first heap   total 120832K, used 17151K [0x0000000080000000, 0x0000000100000000)
  region size 1024K, 5 young (5120K), 5 survivors (5120K)
 Metaspace       used 4845K, committed 5120K, reserved 1114112K
  class space    used 617K, committed 768K, reserved 1048576K
}
Event: 3.396 GC heap before
{Heap before GC invocations=3 (full 0):
 garbage-first heap   total 120832K, used 83711K [0x0000000080000000, 0x0000000100000000)
  region size 1024K, 70 young (71680K), 5 survivors (5120K)
 Metaspace       used 17939K, committed 18496K, reserved 1114112K
  class space    used 2471K, committed 2752K, reserved 1048576K
}
Event: 3.417 GC heap after
{Heap after GC invocations=4 (full 0):
 garbage-first heap   total 120832K, used 22717K [0x0000000080000000, 0x0000000100000000)
  region size 1024K, 9 young (9216K), 9 survivors (9216K)
 Metaspace       used 17939K, committed 18496K, reserved 1114112K
  class space    used 2471K, committed 2752K, reserved 1048576K
}
Event: 4.225 GC heap before
{Heap before GC invocations=4 (full 0):
 garbage-first heap   total 120832K, used 47293K [0x0000000080000000, 0x0000000100000000)
  region size 1024K, 34 young (34816K), 9 survivors (9216K)
 Metaspace       used 20858K, committed 21504K, reserved 1114112K
  class space    used 2972K, committed 3328K, reserved 1048576K
}
Event: 4.234 GC heap after
{Heap after GC invocations=5 (full 0):
 garbage-first heap   total 120832K, used 25363K [0x0000000080000000, 0x0000000100000000)
  region size 1024K, 7 young (7168K), 7 survivors (7168K)
 Metaspace       used 20858K, committed 21504K, reserved 1114112K
  class space    used 2972K, committed 3328K, reserved 1048576K
}
Event: 6.174 GC heap before
{Heap before GC invocations=6 (full 0):
 garbage-first heap   total 86016K, used 85779K [0x0000000080000000, 0x0000000100000000)
  region size 1024K, 66 young (67584K), 7 survivors (7168K)
 Metaspace       used 28432K, committed 29568K, reserved 1114112K
  class space    used 4202K, committed 4800K, reserved 1048576K
}
Event: 6.184 GC heap after
{Heap after GC invocations=7 (full 0):
 garbage-first heap   total 97280K, used 28021K [0x0000000080000000, 0x0000000100000000)
  region size 1024K, 6 young (6144K), 6 survivors (6144K)
 Metaspace       used 28432K, committed 29568K, reserved 1114112K
  class space    used 4202K, committed 4800K, reserved 1048576K
}
Event: 6.811 GC heap before
{Heap before GC invocations=7 (full 0):
 garbage-first heap   total 97280K, used 60789K [0x0000000080000000, 0x0000000100000000)
  region size 1024K, 40 young (40960K), 6 survivors (6144K)
 Metaspace       used 34687K, committed 35968K, reserved 1114112K
  class space    used 5043K, committed 5696K, reserved 1048576K
}
Event: 6.815 GC heap after
{Heap after GC invocations=8 (full 0):
 garbage-first heap   total 97280K, used 30897K [0x0000000080000000, 0x0000000100000000)
  region size 1024K, 7 young (7168K), 7 survivors (7168K)
 Metaspace       used 34687K, committed 35968K, reserved 1114112K
  class space    used 5043K, committed 5696K, reserved 1048576K
}
Event: 6.834 GC heap before
{Heap before GC invocations=8 (full 0):
 garbage-first heap   total 97280K, used 31921K [0x0000000080000000, 0x0000000100000000)
  region size 1024K, 9 young (9216K), 7 survivors (7168K)
 Metaspace       used 34936K, committed 36288K, reserved 1114112K
  class space    used 5059K, committed 5760K, reserved 1048576K
}
Event: 6.837 GC heap after
{Heap after GC invocations=9 (full 0):
 garbage-first heap   total 97280K, used 30962K [0x0000000080000000, 0x0000000100000000)
  region size 1024K, 3 young (3072K), 3 survivors (3072K)
 Metaspace       used 34936K, committed 36288K, reserved 1114112K
  class space    used 5059K, committed 5760K, reserved 1048576K
}
Event: 7.743 GC heap before
{Heap before GC invocations=10 (full 0):
 garbage-first heap   total 97280K, used 84210K [0x0000000080000000, 0x0000000100000000)
  region size 1024K, 51 young (52224K), 3 survivors (3072K)
 Metaspace       used 39235K, committed 40576K, reserved 1114112K
  class space    used 5486K, committed 6144K, reserved 1048576K
}
Event: 7.751 GC heap after
{Heap after GC invocations=11 (full 0):
 garbage-first heap   total 116736K, used 36370K [0x0000000080000000, 0x0000000100000000)
  region size 1024K, 7 young (7168K), 7 survivors (7168K)
 Metaspace       used 39235K, committed 40576K, reserved 1114112K
  class space    used 5486K, committed 6144K, reserved 1048576K
}

